<?xml version="1.0" encoding="utf-8" ?>
<!-- DO NOT EDIT THIS FILE -->

<log version='2.0' source='tcet'>
	<!-- Opened annotation file /opt/apps/software/Core/Inspector/2018_update2/inspector_2018.2.0.551023/lib64/../config/tc/qt.ant -->
	<!-- Opened annotation file /opt/apps/software/Core/Inspector/2018_update2/inspector_2018.2.0.551023/lib64/../config/tc/cpp11.ant -->
	<!-- Opened annotation file /opt/apps/software/Core/Inspector/2018_update2/inspector_2018.2.0.551023/lib64/../config/tc/fortran.ant -->
	<!-- Opened annotation file /opt/apps/software/Core/Inspector/2018_update2/inspector_2018.2.0.551023/lib64/../config/tc/icl.ant -->
	<!-- Opened annotation file /opt/apps/software/Core/Inspector/2018_update2/inspector_2018.2.0.551023/lib64/../config/tc/allocators.ant -->
	<msg id='1' display='false' source='tccore'>
		<type>START</type>
		<severity>INFO</severity>
		<timestamp>Thu Mar 21 10:06:06 2024</timestamp>
	</msg>
	<!-- Successfully loaded CCRT 13.1.8 at address 0x7fbed61ec000 - 0x7fbed61f5000 -->
	<!-- Successfully loaded the TC Analysis Core 8.3.4 at address 0x7fbec318b000 - 0x7fbec31bf000 -->
	<!-- Successfully loaded the TC Instrumentation Engine 8.3.4 at address 0x7fbed61f5000 - 0x7fbed644b000 -->
	<!-- This is the instance of interest -->
	<msg id='2' source='tcet'>
		<type>EXEC_OF_INTEREST</type>
		<severity>INFO</severity>
		<timestamp>Thu Mar 21 10:06:06 2024</timestamp>
		<arg name='process'>/home/ch155/A2/lu-omp</arg>
		<arg name='pid'>39394</arg>
	</msg>
	<msg id='3' source='tcet'>
		<type>LOAD_MODULE</type>
		<severity>INFO</severity>
		<timestamp>Thu Mar 21 10:06:06 2024</timestamp>
		<arg name='module'>/home/ch155/A2/lu-omp</arg>
		<arg name='basement'>0x400000</arg>
		<arg name='ceiling'>0x4209bf</arg>
	</msg>
	<msg id='4' source='tcet'>
		<type>LOAD_MODULE</type>
		<severity>INFO</severity>
		<timestamp>Thu Mar 21 10:06:06 2024</timestamp>
		<arg name='module'>/lib64/ld-linux-x86-64.so.2</arg>
		<arg name='basement'>0x7fbed7239000</arg>
		<arg name='ceiling'>0x7fbed745c14f</arg>
	</msg>
	<msg id='5' source='tcet'>
		<type>LOAD_MODULE</type>
		<severity>INFO</severity>
		<timestamp>Thu Mar 21 10:06:06 2024</timestamp>
		<arg name='module'>[vdso]</arg>
		<arg name='basement'>0x7ffdf6dfa000</arg>
		<arg name='ceiling'>0x7ffdf6dfae6c</arg>
	</msg>
	<msg id='6' source='tcet'>
		<type>LOAD_MODULE</type>
		<severity>INFO</severity>
		<timestamp>Thu Mar 21 10:06:06 2024</timestamp>
		<arg name='module'>/opt/apps/software/Core/xalt/default/lib64/libxalt_init.so</arg>
		<arg name='basement'>0x7fbec1ffe000</arg>
		<arg name='ceiling'>0x7fbec2223767</arg>
	</msg>
	<msg id='7' source='tcet'>
		<type>LOAD_MODULE</type>
		<severity>INFO</severity>
		<timestamp>Thu Mar 21 10:06:06 2024</timestamp>
		<arg name='module'>/lib64/librt.so.1</arg>
		<arg name='basement'>0x7fbec1c9b000</arg>
		<arg name='ceiling'>0x7fbec1ea2c17</arg>
	</msg>
	<msg id='8' source='tcet'>
		<type>LOAD_MODULE</type>
		<severity>INFO</severity>
		<timestamp>Thu Mar 21 10:06:07 2024</timestamp>
		<arg name='module'>/lib64/libnuma.so.1</arg>
		<arg name='basement'>0x7fbec1a58000</arg>
		<arg name='ceiling'>0x7fbec1c638e7</arg>
	</msg>
	<msg id='9' source='tcet'>
		<type>LOAD_MODULE</type>
		<severity>INFO</severity>
		<timestamp>Thu Mar 21 10:06:07 2024</timestamp>
		<arg name='module'>/opt/apps/software/Core/GCCcore/8.3.0/lib64/libstdc++.so.6</arg>
		<arg name='basement'>0x7fbec18be000</arg>
		<arg name='ceiling'>0x7fbec1a578bf</arg>
	</msg>
	<msg id='10' source='tcet'>
		<type>LOAD_MODULE</type>
		<severity>INFO</severity>
		<timestamp>Thu Mar 21 10:06:07 2024</timestamp>
		<arg name='module'>/lib64/libm.so.6</arg>
		<arg name='basement'>0x7fbec15bc000</arg>
		<arg name='ceiling'>0x7fbec18bd127</arg>
	</msg>
	<msg id='11' source='tcet'>
		<type>LOAD_MODULE</type>
		<severity>INFO</severity>
		<timestamp>Thu Mar 21 10:06:07 2024</timestamp>
		<arg name='module'>/projects/comp422/pkgs-src/llvm-project/openmp/openmp-install/lib/libiomp5.so</arg>
		<arg name='basement'>0x7fbec14b3000</arg>
		<arg name='ceiling'>0x7fbec15bbc07</arg>
	</msg>
	<msg id='12' source='tcet'>
		<type>LOAD_MODULE</type>
		<severity>INFO</severity>
		<timestamp>Thu Mar 21 10:06:07 2024</timestamp>
		<arg name='module'>/opt/apps/software/Core/GCCcore/8.3.0/lib64/libgcc_s.so.1</arg>
		<arg name='basement'>0x7fbec149a000</arg>
		<arg name='ceiling'>0x7fbec14b242f</arg>
	</msg>
	<msg id='13' source='tcet'>
		<type>LOAD_MODULE</type>
		<severity>INFO</severity>
		<timestamp>Thu Mar 21 10:06:07 2024</timestamp>
		<arg name='module'>/lib64/libpthread.so.0</arg>
		<arg name='basement'>0x7fbec127e000</arg>
		<arg name='ceiling'>0x7fbec1499487</arg>
	</msg>
	<msg id='14' source='tcet'>
		<type>LOAD_MODULE</type>
		<severity>INFO</severity>
		<timestamp>Thu Mar 21 10:06:07 2024</timestamp>
		<arg name='module'>/lib64/libc.so.6</arg>
		<arg name='basement'>0x7fbec0eb1000</arg>
		<arg name='ceiling'>0x7fbec127d1df</arg>
	</msg>
	<msg id='15' source='tcet'>
		<type>LOAD_MODULE</type>
		<severity>INFO</severity>
		<timestamp>Thu Mar 21 10:06:07 2024</timestamp>
		<arg name='module'>/lib64/libdl.so.2</arg>
		<arg name='basement'>0x7fbec0cad000</arg>
		<arg name='ceiling'>0x7fbec0eb010f</arg>
	</msg>
	<msg id='16' source='tcet'>
		<type>LOAD_MODULE</type>
		<severity>INFO</severity>
		<timestamp>Thu Mar 21 10:06:09 2024</timestamp>
		<arg name='module'>/projects/comp422/pkgs-src/llvm-project/openmp/openmp-install/lib/libarcher.so</arg>
		<arg name='basement'>0x7fbebd3e6000</arg>
		<arg name='ceiling'>0x7fbebd3f2340</arg>
	</msg>
	<msg id='17' source='tcet'>
		<type>LOAD_MODULE</type>
		<severity>INFO</severity>
		<timestamp>Thu Mar 21 10:06:10 2024</timestamp>
		<arg name='module'>/opt/apps/software/Core/Inspector/2018_update2/inspector_2018.2.0.551023/lib64/runtime/libittnotify.so</arg>
		<arg name='basement'>0x7fbebcbdc000</arg>
		<arg name='ceiling'>0x7fbebcde763f</arg>
	</msg>
	<!-- Forking process 39471 -->
	<msg id='18' source='tcet'>
		<type>UNLOAD_MODULE</type>
		<severity>INFO</severity>
		<timestamp>Thu Mar 21 10:07:00 2024</timestamp>
		<arg name='module'>/home/ch155/A2/lu-omp</arg>
	</msg>
	<msg id='19' source='tcet'>
		<type>UNLOAD_MODULE</type>
		<severity>INFO</severity>
		<timestamp>Thu Mar 21 10:07:00 2024</timestamp>
		<arg name='module'>/lib64/ld-linux-x86-64.so.2</arg>
	</msg>
	<msg id='20' source='tcet'>
		<type>UNLOAD_MODULE</type>
		<severity>INFO</severity>
		<timestamp>Thu Mar 21 10:07:00 2024</timestamp>
		<arg name='module'>[vdso]</arg>
	</msg>
	<msg id='21' source='tcet'>
		<type>UNLOAD_MODULE</type>
		<severity>INFO</severity>
		<timestamp>Thu Mar 21 10:07:00 2024</timestamp>
		<arg name='module'>/opt/apps/software/Core/xalt/default/lib64/libxalt_init.so</arg>
	</msg>
	<msg id='22' source='tcet'>
		<type>UNLOAD_MODULE</type>
		<severity>INFO</severity>
		<timestamp>Thu Mar 21 10:07:00 2024</timestamp>
		<arg name='module'>/lib64/librt.so.1</arg>
	</msg>
	<msg id='23' source='tcet'>
		<type>UNLOAD_MODULE</type>
		<severity>INFO</severity>
		<timestamp>Thu Mar 21 10:07:00 2024</timestamp>
		<arg name='module'>/lib64/libnuma.so.1</arg>
	</msg>
	<msg id='24' source='tcet'>
		<type>UNLOAD_MODULE</type>
		<severity>INFO</severity>
		<timestamp>Thu Mar 21 10:07:00 2024</timestamp>
		<arg name='module'>/opt/apps/software/Core/GCCcore/8.3.0/lib64/libstdc++.so.6</arg>
	</msg>
	<msg id='25' source='tcet'>
		<type>UNLOAD_MODULE</type>
		<severity>INFO</severity>
		<timestamp>Thu Mar 21 10:07:00 2024</timestamp>
		<arg name='module'>/lib64/libm.so.6</arg>
	</msg>
	<msg id='26' source='tcet'>
		<type>UNLOAD_MODULE</type>
		<severity>INFO</severity>
		<timestamp>Thu Mar 21 10:07:00 2024</timestamp>
		<arg name='module'>/projects/comp422/pkgs-src/llvm-project/openmp/openmp-install/lib/libiomp5.so</arg>
	</msg>
	<msg id='27' source='tcet'>
		<type>UNLOAD_MODULE</type>
		<severity>INFO</severity>
		<timestamp>Thu Mar 21 10:07:00 2024</timestamp>
		<arg name='module'>/opt/apps/software/Core/GCCcore/8.3.0/lib64/libgcc_s.so.1</arg>
	</msg>
	<msg id='28' source='tcet'>
		<type>UNLOAD_MODULE</type>
		<severity>INFO</severity>
		<timestamp>Thu Mar 21 10:07:00 2024</timestamp>
		<arg name='module'>/lib64/libpthread.so.0</arg>
	</msg>
	<msg id='29' source='tcet'>
		<type>UNLOAD_MODULE</type>
		<severity>INFO</severity>
		<timestamp>Thu Mar 21 10:07:00 2024</timestamp>
		<arg name='module'>/lib64/libc.so.6</arg>
	</msg>
	<msg id='30' source='tcet'>
		<type>UNLOAD_MODULE</type>
		<severity>INFO</severity>
		<timestamp>Thu Mar 21 10:07:00 2024</timestamp>
		<arg name='module'>/lib64/libdl.so.2</arg>
	</msg>
	<msg id='31' source='tcet'>
		<type>UNLOAD_MODULE</type>
		<severity>INFO</severity>
		<timestamp>Thu Mar 21 10:07:00 2024</timestamp>
		<arg name='module'>/projects/comp422/pkgs-src/llvm-project/openmp/openmp-install/lib/libarcher.so</arg>
	</msg>
	<msg id='32' source='tcet'>
		<type>UNLOAD_MODULE</type>
		<severity>INFO</severity>
		<timestamp>Thu Mar 21 10:07:00 2024</timestamp>
		<arg name='module'>/opt/apps/software/Core/Inspector/2018_update2/inspector_2018.2.0.551023/lib64/runtime/libittnotify.so</arg>
	</msg>
	<msg id='33' source='tcet'>
		<type>PROCESS_TERMINATE</type>
		<severity>INFO</severity>
		<timestamp>Thu Mar 21 10:07:00 2024</timestamp>
		<arg name='process'>/home/ch155/A2/lu-omp</arg>
		<arg name='pid'>39394</arg>
	</msg>
	<msg id='34' display='false' source='tccore'>
		<type>ANALYSIS_COMPLETE</type>
		<severity>INFO</severity>
		<timestamp>Thu Mar 21 10:07:00 2024</timestamp>
	</msg>
	<msg id='35' display='false' source='tccore'>
		<type>STOP</type>
		<severity>INFO</severity>
		<timestamp>Thu Mar 21 10:07:00 2024</timestamp>
	</msg>
</log>